
> buyin_monitor_backend@1.0.0 start
> node server.js

Backend server running on http://localhost:3000
[Debug] Check-Auth Header: Bearer U2FsdGVkX195JHNG7RfKnIP+8t5ys50T/fmCw9TpICqIG/hLjKtxHnrZBaOBcLJ5XxpmfpHPs68Q9cMpfPVUSQUejDbXQnNazWdAddMT4F8=
[Debug] Decrypted Payload: {"userId":1,"phone":"13800138000","ts":1765958041945}
[Debug] Check-Auth Header: Bearer U2FsdGVkX1+1jWvbOfp4ot4CulCwYYZCsAdEaYNTh1oZiqsSfPDxmdyztQ/RWxJWu+yoRdeqRznALPYgu1WAYDnjO7STyT0c2m13Aodr3jk=
[Debug] Decrypted Payload: {"userId":1,"phone":"13800138000","ts":1765959259296}
[Debug] Check-Auth Header: Bearer U2FsdGVkX1+1jWvbOfp4ot4CulCwYYZCsAdEaYNTh1oZiqsSfPDxmdyztQ/RWxJWu+yoRdeqRznALPYgu1WAYDnjO7STyT0c2m13Aodr3jk=
[Debug] Decrypted Payload: {"userId":1,"phone":"13800138000","ts":1765959259296}
[Debug] Check-Auth Header: Bearer U2FsdGVkX1+1jWvbOfp4ot4CulCwYYZCsAdEaYNTh1oZiqsSfPDxmdyztQ/RWxJWu+yoRdeqRznALPYgu1WAYDnjO7STyT0c2m13Aodr3jk=
[Debug] Decrypted Payload: {"userId":1,"phone":"13800138000","ts":1765959259296}
[Debug] Check-Auth Header: Bearer U2FsdGVkX1+1jWvbOfp4ot4CulCwYYZCsAdEaYNTh1oZiqsSfPDxmdyztQ/RWxJWu+yoRdeqRznALPYgu1WAYDnjO7STyT0c2m13Aodr3jk=
[Debug] Decrypted Payload: {"userId":1,"phone":"13800138000","ts":1765959259296}
[Debug] Check-Auth Header: Bearer U2FsdGVkX1+1jWvbOfp4ot4CulCwYYZCsAdEaYNTh1oZiqsSfPDxmdyztQ/RWxJWu+yoRdeqRznALPYgu1WAYDnjO7STyT0c2m13Aodr3jk=
[Debug] Decrypted Payload: {"userId":1,"phone":"13800138000","ts":1765959259296}
[Debug] Check-Auth Header: Bearer U2FsdGVkX1+1jWvbOfp4ot4CulCwYYZCsAdEaYNTh1oZiqsSfPDxmdyztQ/RWxJWu+yoRdeqRznALPYgu1WAYDnjO7STyT0c2m13Aodr3jk=
[Debug] Decrypted Payload: {"userId":1,"phone":"13800138000","ts":1765959259296}
[Debug] Check-Auth Header: Bearer U2FsdGVkX1+1jWvbOfp4ot4CulCwYYZCsAdEaYNTh1oZiqsSfPDxmdyztQ/RWxJWu+yoRdeqRznALPYgu1WAYDnjO7STyT0c2m13Aodr3jk=
[Debug] Decrypted Payload: {"userId":1,"phone":"13800138000","ts":1765959259296}
[Debug] Check-Auth Header: Bearer U2FsdGVkX1+1jWvbOfp4ot4CulCwYYZCsAdEaYNTh1oZiqsSfPDxmdyztQ/RWxJWu+yoRdeqRznALPYgu1WAYDnjO7STyT0c2m13Aodr3jk=
[Debug] Decrypted Payload: {"userId":1,"phone":"13800138000","ts":1765959259296}
[Debug] Check-Auth Header: Bearer U2FsdGVkX1+1jWvbOfp4ot4CulCwYYZCsAdEaYNTh1oZiqsSfPDxmdyztQ/RWxJWu+yoRdeqRznALPYgu1WAYDnjO7STyT0c2m13Aodr3jk=
[Debug] Decrypted Payload: {"userId":1,"phone":"13800138000","ts":1765959259296}
[Debug] Check-Auth Header: Bearer U2FsdGVkX1+1jWvbOfp4ot4CulCwYYZCsAdEaYNTh1oZiqsSfPDxmdyztQ/RWxJWu+yoRdeqRznALPYgu1WAYDnjO7STyT0c2m13Aodr3jk=
[Debug] Decrypted Payload: {"userId":1,"phone":"13800138000","ts":1765959259296}
[Debug] Check-Auth Header: Bearer U2FsdGVkX1/guKmkl6D/g90hrXBBSQM7gGkI5Qqs9KnQMtbU/XwYhb0d650wUYFGwVYBHfj4xybXPWbk0WhlXVxefReiXwrGIebSRxyEApc=
[Debug] Decrypted Payload: {"userId":1765956778794,"phone":"32312311","ts":1765971394413}
[Debug] Check-Auth Header: Bearer U2FsdGVkX1/guKmkl6D/g90hrXBBSQM7gGkI5Qqs9KnQMtbU/XwYhb0d650wUYFGwVYBHfj4xybXPWbk0WhlXVxefReiXwrGIebSRxyEApc=
[Debug] Decrypted Payload: {"userId":1765956778794,"phone":"32312311","ts":1765971394413}
[Debug] Check-Auth Header: Bearer U2FsdGVkX1/guKmkl6D/g90hrXBBSQM7gGkI5Qqs9KnQMtbU/XwYhb0d650wUYFGwVYBHfj4xybXPWbk0WhlXVxefReiXwrGIebSRxyEApc=
[Debug] Decrypted Payload: {"userId":1765956778794,"phone":"32312311","ts":1765971394413}
[Debug] Check-Auth Header: Bearer U2FsdGVkX1/guKmkl6D/g90hrXBBSQM7gGkI5Qqs9KnQMtbU/XwYhb0d650wUYFGwVYBHfj4xybXPWbk0WhlXVxefReiXwrGIebSRxyEApc=
[Debug] Decrypted Payload: {"userId":1765956778794,"phone":"32312311","ts":1765971394413}
[Debug] Check-Auth Header: Bearer U2FsdGVkX1/guKmkl6D/g90hrXBBSQM7gGkI5Qqs9KnQMtbU/XwYhb0d650wUYFGwVYBHfj4xybXPWbk0WhlXVxefReiXwrGIebSRxyEApc=
[Debug] Decrypted Payload: {"userId":1765956778794,"phone":"32312311","ts":1765971394413}
